error executing command
websocket open!
message
keyDown
keyDown
keyDown
keyUp
keyUp
keyUp
keyDown
keyDown
keyDown
keyUp
keyUp
keyUp
keyDown
keyDown
keyDown
keyUp
keyUp
keyUp
Socket is closed. Reconnect will be attempted in 1 second. 
websocket open!
message
error executing command
websocket open!
message
keyDown
keyDown
keyDown
keyUp
keyUp
keyUp
keyDown
keyDown
keyDown
keyUp
keyUp
keyUp
Socket is closed. Reconnect will be attempted in 1 second. 
websocket open!
message
error executing command
websocket open!
message
keyDown
keyDown
keyDown
keyUp
keyUp
keyUp
keyDown
keyDown
keyDown
keyUp
keyDown
keyUp
keyUp
keyDown
keyDown
keyUp
keyUp
keyUp
keyDown
keyDown
keyDown
keyUp
keyUp
keyUp
keyDown
keyDown
keyDown
keyUp
keyUp
keyUp
keyDown
keyDown
keyDown
keyUp
keyUp
keyUp
keyDown
keyDown
keyDown
keyUp
keyUp
keyUp
keyDown
keyDown
keyDown
keyUp
keyUp
keyUp
keyDown
keyDown
keyDown
keyUp
keyUp
keyUp
message
